[2025-07-26T14:56:44.035Z] ERROR: Expected double-quoted property name in JSON at position 94 (line 6 column 5) - SyntaxError: Expected double-quoted property name in JSON at position 94 (line 6 column 5)
    at JSON.parse (<anonymous>)
    at parse (C:\Users\Default\Projects\node-learning\node_modules\body-parser\lib\types\json.js:77:19)
    at C:\Users\Default\Projects\node-learning\node_modules\body-parser\lib\read.js:123:18
    at AsyncResource.runInAsyncScope (node:async_hooks:214:14)
    at invokeCallback (C:\Users\Default\Projects\node-learning\node_modules\raw-body\index.js:238:16)
    at done (C:\Users\Default\Projects\node-learning\node_modules\raw-body\index.js:227:7)
    at IncomingMessage.onEnd (C:\Users\Default\Projects\node-learning\node_modules\raw-body\index.js:287:7)
    at IncomingMessage.emit (node:events:518:28)
    at endReadableNT (node:internal/streams/readable:1698:12)
    at process.processTicksAndRejections (node:internal/process/task_queues:90:21)
[2025-07-26T14:58:19.972Z] ERROR: mongoose is not defined - ReferenceError: mongoose is not defined
    at getInstructor (file:///C:/Users/Default/Projects/node-learning/src/resources/instructor/instructor.controller.js:31:25)
    at Layer.handleRequest (C:\Users\Default\Projects\node-learning\node_modules\router\lib\layer.js:152:17)
    at next (C:\Users\Default\Projects\node-learning\node_modules\router\lib\route.js:157:13)
    at Route.dispatch (C:\Users\Default\Projects\node-learning\node_modules\router\lib\route.js:117:3)
    at handle (C:\Users\Default\Projects\node-learning\node_modules\router\index.js:435:11)
    at Layer.handleRequest (C:\Users\Default\Projects\node-learning\node_modules\router\lib\layer.js:152:17)
    at C:\Users\Default\Projects\node-learning\node_modules\router\index.js:295:15
    at param (C:\Users\Default\Projects\node-learning\node_modules\router\index.js:600:14)
    at param (C:\Users\Default\Projects\node-learning\node_modules\router\index.js:610:14)
    at processParams (C:\Users\Default\Projects\node-learning\node_modules\router\index.js:664:3)
[2025-07-26T15:04:27.425Z] ERROR: Course validation failed: instructorId: Path `instructorId` is required. - ValidationError: Course validation failed: instructorId: Path `instructorId` is required.
    at Document.invalidate (C:\Users\Default\Projects\node-learning\node_modules\mongoose\lib\document.js:3354:32)
    at C:\Users\Default\Projects\node-learning\node_modules\mongoose\lib\document.js:3115:17
    at C:\Users\Default\Projects\node-learning\node_modules\mongoose\lib\schemaType.js:1410:9
    at process.processTicksAndRejections (node:internal/process/task_queues:85:11)
[2025-07-26T15:47:35.816Z] ERROR: studentId is not defined - ReferenceError: studentId is not defined
    at enrollStudentToCourse (file:///C:/Users/Default/Projects/node-learning/src/resources/course/course.controller.js:239:3)
    at Layer.handleRequest (C:\Users\Default\Projects\node-learning\node_modules\router\lib\layer.js:152:17)
    at next (C:\Users\Default\Projects\node-learning\node_modules\router\lib\route.js:157:13)
    at Route.dispatch (C:\Users\Default\Projects\node-learning\node_modules\router\lib\route.js:117:3)
    at handle (C:\Users\Default\Projects\node-learning\node_modules\router\index.js:435:11)
    at Layer.handleRequest (C:\Users\Default\Projects\node-learning\node_modules\router\lib\layer.js:152:17)
    at C:\Users\Default\Projects\node-learning\node_modules\router\index.js:295:15
    at param (C:\Users\Default\Projects\node-learning\node_modules\router\index.js:600:14)
    at param (C:\Users\Default\Projects\node-learning\node_modules\router\index.js:610:14)
    at processParams (C:\Users\Default\Projects\node-learning\node_modules\router\index.js:664:3)
